mode: set
github.com/GoelandProver/Goeland/plugins/equality/init.go:53.46,56.2 2 0
github.com/GoelandProver/Goeland/plugins/equality/init.go:58.34,60.2 1 1
github.com/GoelandProver/Goeland/plugins/equality/init.go:66.50,71.2 3 0
github.com/GoelandProver/Goeland/plugins/equality/lpo.go:55.41,59.11 4 1
github.com/GoelandProver/Goeland/plugins/equality/lpo.go:59.11,61.3 1 1
github.com/GoelandProver/Goeland/plugins/equality/lpo.go:61.8,63.3 1 1
github.com/GoelandProver/Goeland/plugins/equality/lpo.go:66.47,67.24 1 0
github.com/GoelandProver/Goeland/plugins/equality/lpo.go:68.23,70.36 2 0
github.com/GoelandProver/Goeland/plugins/equality/lpo.go:73.22,74.31 1 0
github.com/GoelandProver/Goeland/plugins/equality/lpo.go:70.36,72.4 1 0
github.com/GoelandProver/Goeland/plugins/equality/lpo.go:78.47,79.28 1 1
github.com/GoelandProver/Goeland/plugins/equality/lpo.go:80.21,81.36 1 1
github.com/GoelandProver/Goeland/plugins/equality/lpo.go:82.22,83.36 1 0
github.com/GoelandProver/Goeland/plugins/equality/lpo.go:88.3,88.40 1 0
github.com/GoelandProver/Goeland/plugins/equality/lpo.go:83.36,87.4 3 0
github.com/GoelandProver/Goeland/plugins/equality/lpo.go:88.40,90.4 1 0
github.com/GoelandProver/Goeland/plugins/equality/lpo.go:94.47,96.2 1 1
github.com/GoelandProver/Goeland/plugins/equality/lpo.go:98.56,99.22 1 1
github.com/GoelandProver/Goeland/plugins/equality/lpo.go:99.22,103.3 3 1
github.com/GoelandProver/Goeland/plugins/equality/lpo.go:113.92,115.28 2 1
github.com/GoelandProver/Goeland/plugins/equality/lpo.go:143.2,143.23 1 0
github.com/GoelandProver/Goeland/plugins/equality/lpo.go:116.22,117.29 1 1
github.com/GoelandProver/Goeland/plugins/equality/lpo.go:128.23,129.29 1 1
github.com/GoelandProver/Goeland/plugins/equality/lpo.go:140.10,141.34 1 0
github.com/GoelandProver/Goeland/plugins/equality/lpo.go:118.23,120.45 1 1
github.com/GoelandProver/Goeland/plugins/equality/lpo.go:121.24,124.50 2 1
github.com/GoelandProver/Goeland/plugins/equality/lpo.go:125.11,126.35 1 0
github.com/GoelandProver/Goeland/plugins/equality/lpo.go:130.23,133.49 2 1
github.com/GoelandProver/Goeland/plugins/equality/lpo.go:134.24,136.42 1 1
github.com/GoelandProver/Goeland/plugins/equality/lpo.go:137.11,138.35 1 0
github.com/GoelandProver/Goeland/plugins/equality/lpo.go:147.130,150.27 3 1
github.com/GoelandProver/Goeland/plugins/equality/lpo.go:172.2,172.22 1 1
github.com/GoelandProver/Goeland/plugins/equality/lpo.go:150.27,153.22 3 1
github.com/GoelandProver/Goeland/plugins/equality/lpo.go:162.3,163.20 2 1
github.com/GoelandProver/Goeland/plugins/equality/lpo.go:170.3,170.6 1 1
github.com/GoelandProver/Goeland/plugins/equality/lpo.go:154.10,155.61 1 1
github.com/GoelandProver/Goeland/plugins/equality/lpo.go:156.11,157.61 1 1
github.com/GoelandProver/Goeland/plugins/equality/lpo.go:158.11,159.53 1 0
github.com/GoelandProver/Goeland/plugins/equality/lpo.go:163.20,164.16 1 1
github.com/GoelandProver/Goeland/plugins/equality/lpo.go:164.16,166.5 1 1
github.com/GoelandProver/Goeland/plugins/equality/lpo.go:166.10,168.5 1 1
github.com/GoelandProver/Goeland/plugins/equality/lpo.go:172.22,174.3 1 1
github.com/GoelandProver/Goeland/plugins/equality/lpo.go:174.8,176.3 1 1
github.com/GoelandProver/Goeland/plugins/equality/lpo.go:180.92,182.19 2 1
github.com/GoelandProver/Goeland/plugins/equality/lpo.go:182.19,185.3 2 1
github.com/GoelandProver/Goeland/plugins/equality/lpo.go:185.8,188.3 2 1
github.com/GoelandProver/Goeland/plugins/equality/lpo.go:192.96,196.13 3 1
github.com/GoelandProver/Goeland/plugins/equality/lpo.go:200.2,200.13 1 1
github.com/GoelandProver/Goeland/plugins/equality/lpo.go:206.2,206.11 1 1
github.com/GoelandProver/Goeland/plugins/equality/lpo.go:236.2,236.12 1 1
github.com/GoelandProver/Goeland/plugins/equality/lpo.go:293.2,297.24 5 1
github.com/GoelandProver/Goeland/plugins/equality/lpo.go:310.2,310.13 1 1
github.com/GoelandProver/Goeland/plugins/equality/lpo.go:314.2,314.27 1 1
github.com/GoelandProver/Goeland/plugins/equality/lpo.go:196.13,199.3 2 0
github.com/GoelandProver/Goeland/plugins/equality/lpo.go:200.13,203.3 2 0
github.com/GoelandProver/Goeland/plugins/equality/lpo.go:206.11,208.28 2 1
github.com/GoelandProver/Goeland/plugins/equality/lpo.go:208.28,211.4 2 1
github.com/GoelandProver/Goeland/plugins/equality/lpo.go:211.9,214.41 3 1
github.com/GoelandProver/Goeland/plugins/equality/lpo.go:228.4,228.16 1 1
github.com/GoelandProver/Goeland/plugins/equality/lpo.go:214.41,217.23 3 1
github.com/GoelandProver/Goeland/plugins/equality/lpo.go:222.5,222.17 1 1
github.com/GoelandProver/Goeland/plugins/equality/lpo.go:225.5,226.44 2 1
github.com/GoelandProver/Goeland/plugins/equality/lpo.go:217.23,221.6 3 1
github.com/GoelandProver/Goeland/plugins/equality/lpo.go:222.17,224.6 1 1
github.com/GoelandProver/Goeland/plugins/equality/lpo.go:228.16,231.5 2 1
github.com/GoelandProver/Goeland/plugins/equality/lpo.go:236.12,238.43 2 1
github.com/GoelandProver/Goeland/plugins/equality/lpo.go:242.3,247.25 5 1
github.com/GoelandProver/Goeland/plugins/equality/lpo.go:262.3,262.15 1 1
github.com/GoelandProver/Goeland/plugins/equality/lpo.go:268.3,270.18 3 1
github.com/GoelandProver/Goeland/plugins/equality/lpo.go:238.43,241.4 2 0
github.com/GoelandProver/Goeland/plugins/equality/lpo.go:247.25,250.22 3 1
github.com/GoelandProver/Goeland/plugins/equality/lpo.go:255.4,255.16 1 1
github.com/GoelandProver/Goeland/plugins/equality/lpo.go:259.4,260.43 2 1
github.com/GoelandProver/Goeland/plugins/equality/lpo.go:250.22,254.5 3 0
github.com/GoelandProver/Goeland/plugins/equality/lpo.go:255.16,258.5 2 1
github.com/GoelandProver/Goeland/plugins/equality/lpo.go:262.15,265.4 2 1
github.com/GoelandProver/Goeland/plugins/equality/lpo.go:270.18,271.26 1 1
github.com/GoelandProver/Goeland/plugins/equality/lpo.go:285.4,285.16 1 1
github.com/GoelandProver/Goeland/plugins/equality/lpo.go:271.26,274.23 3 1
github.com/GoelandProver/Goeland/plugins/equality/lpo.go:279.5,279.17 1 1
github.com/GoelandProver/Goeland/plugins/equality/lpo.go:282.5,283.44 2 1
github.com/GoelandProver/Goeland/plugins/equality/lpo.go:274.23,278.6 3 0
github.com/GoelandProver/Goeland/plugins/equality/lpo.go:279.17,281.6 1 0
github.com/GoelandProver/Goeland/plugins/equality/lpo.go:285.16,288.5 2 1
github.com/GoelandProver/Goeland/plugins/equality/lpo.go:297.24,300.21 3 1
github.com/GoelandProver/Goeland/plugins/equality/lpo.go:304.3,304.15 1 1
github.com/GoelandProver/Goeland/plugins/equality/lpo.go:307.3,308.42 2 1
github.com/GoelandProver/Goeland/plugins/equality/lpo.go:300.21,303.4 2 1
github.com/GoelandProver/Goeland/plugins/equality/lpo.go:304.15,306.4 1 1
github.com/GoelandProver/Goeland/plugins/equality/lpo.go:310.13,312.3 1 1
github.com/GoelandProver/Goeland/plugins/equality/lpo.go:318.31,320.2 1 0
github.com/GoelandProver/Goeland/plugins/equality/lpo.go:323.34,326.31 3 1
github.com/GoelandProver/Goeland/plugins/equality/lpo.go:333.2,333.18 1 1
github.com/GoelandProver/Goeland/plugins/equality/lpo.go:326.31,328.23 2 1
github.com/GoelandProver/Goeland/plugins/equality/lpo.go:331.3,331.8 1 1
github.com/GoelandProver/Goeland/plugins/equality/lpo.go:328.23,330.4 1 1
github.com/GoelandProver/Goeland/plugins/equality/lpo.go:337.20,339.2 1 1
github.com/GoelandProver/Goeland/plugins/equality/constraints.go:62.36,64.2 1 1
github.com/GoelandProver/Goeland/plugins/equality/constraints.go:65.38,67.2 1 1
github.com/GoelandProver/Goeland/plugins/equality/constraints.go:68.41,70.2 1 1
github.com/GoelandProver/Goeland/plugins/equality/constraints.go:71.39,73.2 1 1
github.com/GoelandProver/Goeland/plugins/equality/constraints.go:74.48,76.2 1 1
github.com/GoelandProver/Goeland/plugins/equality/constraints.go:77.39,78.22 1 1
github.com/GoelandProver/Goeland/plugins/equality/constraints.go:79.12,80.79 1 1
github.com/GoelandProver/Goeland/plugins/equality/constraints.go:81.10,82.79 1 1
github.com/GoelandProver/Goeland/plugins/equality/constraints.go:83.10,85.35 2 0
github.com/GoelandProver/Goeland/plugins/equality/constraints.go:90.46,91.26 1 1
github.com/GoelandProver/Goeland/plugins/equality/constraints.go:91.26,95.21 4 1
github.com/GoelandProver/Goeland/plugins/equality/constraints.go:95.21,99.4 3 1
github.com/GoelandProver/Goeland/plugins/equality/constraints.go:99.9,101.4 1 1
github.com/GoelandProver/Goeland/plugins/equality/constraints.go:102.8,105.3 2 0
github.com/GoelandProver/Goeland/plugins/equality/constraints.go:113.53,115.23 2 1
github.com/GoelandProver/Goeland/plugins/equality/constraints.go:126.2,126.13 1 1
github.com/GoelandProver/Goeland/plugins/equality/constraints.go:115.23,117.27 2 1
github.com/GoelandProver/Goeland/plugins/equality/constraints.go:117.27,118.102 1 1
github.com/GoelandProver/Goeland/plugins/equality/constraints.go:121.4,121.102 1 1
github.com/GoelandProver/Goeland/plugins/equality/constraints.go:118.102,120.5 1 1
github.com/GoelandProver/Goeland/plugins/equality/constraints.go:121.102,123.5 1 0
github.com/GoelandProver/Goeland/plugins/equality/constraints.go:130.141,131.42 1 1
github.com/GoelandProver/Goeland/plugins/equality/constraints.go:136.2,138.77 2 1
github.com/GoelandProver/Goeland/plugins/equality/constraints.go:131.42,135.3 3 1
github.com/GoelandProver/Goeland/plugins/equality/constraints.go:141.52,143.2 1 1
github.com/GoelandProver/Goeland/plugins/equality/constraints.go:148.41,148.59 1 0
github.com/GoelandProver/Goeland/plugins/equality/constraints.go:149.41,149.72 1 0
github.com/GoelandProver/Goeland/plugins/equality/constraints.go:150.46,152.2 1 0
github.com/GoelandProver/Goeland/plugins/equality/constraints.go:154.57,155.24 1 0
github.com/GoelandProver/Goeland/plugins/equality/constraints.go:170.2,170.13 1 0
github.com/GoelandProver/Goeland/plugins/equality/constraints.go:155.24,157.3 1 0
github.com/GoelandProver/Goeland/plugins/equality/constraints.go:157.8,164.28 5 0
github.com/GoelandProver/Goeland/plugins/equality/constraints.go:164.28,165.42 1 0
github.com/GoelandProver/Goeland/plugins/equality/constraints.go:165.42,167.5 1 0
github.com/GoelandProver/Goeland/plugins/equality/constraints.go:173.44,175.23 2 1
github.com/GoelandProver/Goeland/plugins/equality/constraints.go:181.2,182.12 2 1
github.com/GoelandProver/Goeland/plugins/equality/constraints.go:175.23,177.20 2 1
github.com/GoelandProver/Goeland/plugins/equality/constraints.go:177.20,179.4 1 1
github.com/GoelandProver/Goeland/plugins/equality/constraints.go:185.48,187.23 2 1
github.com/GoelandProver/Goeland/plugins/equality/constraints.go:190.2,190.12 1 1
github.com/GoelandProver/Goeland/plugins/equality/constraints.go:187.23,189.3 1 1
github.com/GoelandProver/Goeland/plugins/equality/constraints.go:193.54,194.25 1 1
github.com/GoelandProver/Goeland/plugins/equality/constraints.go:199.2,199.14 1 1
github.com/GoelandProver/Goeland/plugins/equality/constraints.go:194.25,195.20 1 1
github.com/GoelandProver/Goeland/plugins/equality/constraints.go:195.20,197.4 1 1
github.com/GoelandProver/Goeland/plugins/equality/constraints.go:203.65,205.21 2 1
github.com/GoelandProver/Goeland/plugins/equality/constraints.go:217.2,217.13 1 1
github.com/GoelandProver/Goeland/plugins/equality/constraints.go:205.21,206.61 1 1
github.com/GoelandProver/Goeland/plugins/equality/constraints.go:206.61,210.4 3 1
github.com/GoelandProver/Goeland/plugins/equality/constraints.go:210.9,214.4 3 1
github.com/GoelandProver/Goeland/plugins/equality/constraints.go:221.63,223.22 2 1
github.com/GoelandProver/Goeland/plugins/equality/constraints.go:250.2,250.13 1 0
github.com/GoelandProver/Goeland/plugins/equality/constraints.go:224.12,227.20 3 1
github.com/GoelandProver/Goeland/plugins/equality/constraints.go:238.10,240.40 2 1
github.com/GoelandProver/Goeland/plugins/equality/constraints.go:227.20,229.4 1 1
github.com/GoelandProver/Goeland/plugins/equality/constraints.go:229.9,231.36 2 1
github.com/GoelandProver/Goeland/plugins/equality/constraints.go:231.36,234.5 2 1
github.com/GoelandProver/Goeland/plugins/equality/constraints.go:234.10,236.5 1 1
github.com/GoelandProver/Goeland/plugins/equality/constraints.go:240.40,242.4 1 0
github.com/GoelandProver/Goeland/plugins/equality/constraints.go:242.9,243.24 1 1
github.com/GoelandProver/Goeland/plugins/equality/constraints.go:246.4,246.15 1 1
github.com/GoelandProver/Goeland/plugins/equality/constraints.go:243.24,245.5 1 1
github.com/GoelandProver/Goeland/plugins/equality/constraints.go:254.98,255.31 1 1
github.com/GoelandProver/Goeland/plugins/equality/constraints.go:271.2,271.23 1 1
github.com/GoelandProver/Goeland/plugins/equality/constraints.go:255.31,258.23 3 1
github.com/GoelandProver/Goeland/plugins/equality/constraints.go:259.13,261.37 2 1
github.com/GoelandProver/Goeland/plugins/equality/constraints.go:264.11,266.37 2 1
github.com/GoelandProver/Goeland/plugins/equality/constraints.go:261.37,263.5 1 1
github.com/GoelandProver/Goeland/plugins/equality/constraints.go:266.37,268.5 1 0
github.com/GoelandProver/Goeland/plugins/equality/constraints.go:274.67,275.22 1 1
github.com/GoelandProver/Goeland/plugins/equality/constraints.go:275.22,279.3 3 1
github.com/GoelandProver/Goeland/plugins/equality/constraints.go:282.47,284.2 1 1
github.com/GoelandProver/Goeland/plugins/equality/equality_problem_list.go:48.50,50.25 2 1
github.com/GoelandProver/Goeland/plugins/equality/equality_problem_list.go:56.2,56.18 1 1
github.com/GoelandProver/Goeland/plugins/equality/equality_problem_list.go:50.25,52.21 2 1
github.com/GoelandProver/Goeland/plugins/equality/equality_problem_list.go:52.21,54.4 1 1
github.com/GoelandProver/Goeland/plugins/equality/equality_problem_list.go:59.57,61.2 1 1
github.com/GoelandProver/Goeland/plugins/equality/equality_problem_list.go:65.55,67.25 2 0
github.com/GoelandProver/Goeland/plugins/equality/equality_problem_list.go:73.2,73.18 1 0
github.com/GoelandProver/Goeland/plugins/equality/equality_problem_list.go:67.25,69.21 2 0
github.com/GoelandProver/Goeland/plugins/equality/equality_problem_list.go:69.21,71.4 1 0
github.com/GoelandProver/Goeland/plugins/equality/equality_problem_list.go:76.67,78.2 1 1
github.com/GoelandProver/Goeland/plugins/equality/equality_problem_list.go:82.101,84.31 2 1
github.com/GoelandProver/Goeland/plugins/equality/equality_problem_list.go:87.2,87.12 1 1
github.com/GoelandProver/Goeland/plugins/equality/equality_problem_list.go:84.31,86.3 1 1
github.com/GoelandProver/Goeland/plugins/equality/equality_problem_list.go:91.115,93.30 2 1
github.com/GoelandProver/Goeland/plugins/equality/equality_problem_list.go:96.2,96.12 1 1
github.com/GoelandProver/Goeland/plugins/equality/equality_problem_list.go:93.30,95.3 1 1
github.com/GoelandProver/Goeland/plugins/equality/equality_problem_list.go:99.131,103.34 4 1
github.com/GoelandProver/Goeland/plugins/equality/equality_problem_list.go:106.2,108.11 3 1
github.com/GoelandProver/Goeland/plugins/equality/equality_problem_list.go:113.2,113.12 1 1
github.com/GoelandProver/Goeland/plugins/equality/equality_problem_list.go:103.34,105.3 1 1
github.com/GoelandProver/Goeland/plugins/equality/equality_problem_list.go:108.11,109.45 1 1
github.com/GoelandProver/Goeland/plugins/equality/equality_problem_list.go:109.45,111.4 1 1
github.com/GoelandProver/Goeland/plugins/equality/equality_problem_list.go:116.141,119.23 2 1
github.com/GoelandProver/Goeland/plugins/equality/equality_problem_list.go:124.2,124.12 1 1
github.com/GoelandProver/Goeland/plugins/equality/equality_problem_list.go:119.23,120.40 1 1
github.com/GoelandProver/Goeland/plugins/equality/equality_problem_list.go:120.40,122.4 1 1
github.com/GoelandProver/Goeland/plugins/equality/equality_problem_list.go:128.126,132.18 3 1
github.com/GoelandProver/Goeland/plugins/equality/equality_problem_list.go:135.2,137.18 3 1
github.com/GoelandProver/Goeland/plugins/equality/equality_problem_list.go:132.18,134.3 1 0
github.com/GoelandProver/Goeland/plugins/equality/equality_rules.go:60.98,66.27 4 1
github.com/GoelandProver/Goeland/plugins/equality/equality_rules.go:76.2,77.26 2 1
github.com/GoelandProver/Goeland/plugins/equality/equality_rules.go:66.27,68.78 2 1
github.com/GoelandProver/Goeland/plugins/equality/equality_rules.go:68.78,71.53 3 1
github.com/GoelandProver/Goeland/plugins/equality/equality_rules.go:71.53,73.5 1 1
github.com/GoelandProver/Goeland/plugins/equality/equality_rules.go:86.87,92.25 3 1
github.com/GoelandProver/Goeland/plugins/equality/equality_rules.go:101.2,101.26 1 1
github.com/GoelandProver/Goeland/plugins/equality/equality_rules.go:92.25,94.106 1 1
github.com/GoelandProver/Goeland/plugins/equality/equality_rules.go:94.106,97.4 1 1
github.com/GoelandProver/Goeland/plugins/equality/equality_rules.go:97.9,99.4 1 1
github.com/GoelandProver/Goeland/plugins/equality/equality_rules.go:108.129,114.18 4 1
github.com/GoelandProver/Goeland/plugins/equality/equality_rules.go:146.2,146.26 1 1
github.com/GoelandProver/Goeland/plugins/equality/equality_rules.go:114.18,119.30 3 1
github.com/GoelandProver/Goeland/plugins/equality/equality_rules.go:119.30,122.4 2 1
github.com/GoelandProver/Goeland/plugins/equality/equality_rules.go:123.8,125.24 1 1
github.com/GoelandProver/Goeland/plugins/equality/equality_rules.go:125.24,129.31 3 1
github.com/GoelandProver/Goeland/plugins/equality/equality_rules.go:129.31,131.50 2 1
github.com/GoelandProver/Goeland/plugins/equality/equality_rules.go:131.50,133.18 2 1
github.com/GoelandProver/Goeland/plugins/equality/equality_rules.go:136.6,136.50 1 1
github.com/GoelandProver/Goeland/plugins/equality/equality_rules.go:133.19,135.7 0 0
github.com/GoelandProver/Goeland/plugins/equality/equality_rules.go:136.51,138.7 0 0
github.com/GoelandProver/Goeland/plugins/equality/equality_rules.go:138.12,140.7 1 1
github.com/GoelandProver/Goeland/plugins/equality/equality_rules.go:150.108,155.60 4 1
github.com/GoelandProver/Goeland/plugins/equality/equality_rules.go:168.2,168.24 1 1
github.com/GoelandProver/Goeland/plugins/equality/equality_rules.go:176.2,182.36 5 1
github.com/GoelandProver/Goeland/plugins/equality/equality_rules.go:189.2,189.29 1 1
github.com/GoelandProver/Goeland/plugins/equality/equality_rules.go:196.2,196.22 1 1
github.com/GoelandProver/Goeland/plugins/equality/equality_rules.go:155.60,158.20 3 1
github.com/GoelandProver/Goeland/plugins/equality/equality_rules.go:158.20,161.4 2 1
github.com/GoelandProver/Goeland/plugins/equality/equality_rules.go:161.9,163.4 1 1
github.com/GoelandProver/Goeland/plugins/equality/equality_rules.go:164.8,166.3 1 1
github.com/GoelandProver/Goeland/plugins/equality/equality_rules.go:168.24,172.3 3 1
github.com/GoelandProver/Goeland/plugins/equality/equality_rules.go:172.8,174.3 1 1
github.com/GoelandProver/Goeland/plugins/equality/equality_rules.go:182.36,187.3 3 1
github.com/GoelandProver/Goeland/plugins/equality/equality_rules.go:189.29,191.19 2 1
github.com/GoelandProver/Goeland/plugins/equality/equality_rules.go:191.19,193.4 1 1
github.com/GoelandProver/Goeland/plugins/equality/equality_rules.go:202.46,204.2 1 1
github.com/GoelandProver/Goeland/plugins/equality/equality_rules.go:209.70,213.2 3 1
github.com/GoelandProver/Goeland/plugins/equality/equality_rules.go:218.53,220.2 1 1
github.com/GoelandProver/Goeland/plugins/equality/equality_rules.go:223.57,226.36 2 1
github.com/GoelandProver/Goeland/plugins/equality/equality_rules.go:248.2,248.12 1 1
github.com/GoelandProver/Goeland/plugins/equality/equality_rules.go:226.36,230.28 3 1
github.com/GoelandProver/Goeland/plugins/equality/equality_rules.go:235.3,239.28 4 1
github.com/GoelandProver/Goeland/plugins/equality/equality_rules.go:245.3,245.35 1 1
github.com/GoelandProver/Goeland/plugins/equality/equality_rules.go:230.28,234.4 2 1
github.com/GoelandProver/Goeland/plugins/equality/equality_rules.go:239.28,244.4 3 1
github.com/GoelandProver/Goeland/plugins/equality/equality_rules.go:252.58,258.26 4 1
github.com/GoelandProver/Goeland/plugins/equality/equality_rules.go:261.2,262.12 2 1
github.com/GoelandProver/Goeland/plugins/equality/equality_rules.go:258.26,260.3 1 1
github.com/GoelandProver/Goeland/plugins/equality/equality_rules.go:265.92,278.48 4 1
github.com/GoelandProver/Goeland/plugins/equality/equality_rules.go:296.2,296.12 1 1
github.com/GoelandProver/Goeland/plugins/equality/equality_rules.go:278.48,282.69 1 1
github.com/GoelandProver/Goeland/plugins/equality/equality_rules.go:282.69,288.52 3 1
github.com/GoelandProver/Goeland/plugins/equality/equality_rules.go:288.52,291.5 1 1
github.com/GoelandProver/Goeland/plugins/equality/equality_rules.go:291.11,293.5 0 1
github.com/GoelandProver/Goeland/plugins/equality/equality_rules.go:300.97,303.29 2 1
github.com/GoelandProver/Goeland/plugins/equality/equality_rules.go:326.2,326.23 1 1
github.com/GoelandProver/Goeland/plugins/equality/equality_rules.go:303.29,307.24 1 1
github.com/GoelandProver/Goeland/plugins/equality/equality_rules.go:307.24,309.11 2 1
github.com/GoelandProver/Goeland/plugins/equality/equality_rules.go:309.11,311.26 1 1
github.com/GoelandProver/Goeland/plugins/equality/equality_rules.go:311.26,313.21 1 1
github.com/GoelandProver/Goeland/plugins/equality/equality_rules.go:313.21,315.7 1 1
github.com/GoelandProver/Goeland/plugins/equality/equality_rules.go:315.13,317.7 0 1
github.com/GoelandProver/Goeland/plugins/equality/equality_rules.go:319.11,321.5 0 1
github.com/GoelandProver/Goeland/plugins/equality/equality_rules.go:322.10,324.4 0 1
github.com/GoelandProver/Goeland/plugins/equality/equality_rules.go:330.98,333.10 3 1
github.com/GoelandProver/Goeland/plugins/equality/equality_rules.go:336.2,336.27 1 1
github.com/GoelandProver/Goeland/plugins/equality/equality_rules.go:340.2,340.42 1 1
github.com/GoelandProver/Goeland/plugins/equality/equality_rules.go:333.10,335.3 1 1
github.com/GoelandProver/Goeland/plugins/equality/equality_rules.go:336.27,339.3 1 1
github.com/GoelandProver/Goeland/plugins/equality/equality_rules.go:344.108,348.22 2 1
github.com/GoelandProver/Goeland/plugins/equality/equality_rules.go:349.12,350.43 1 1
github.com/GoelandProver/Goeland/plugins/equality/equality_rules.go:351.13,352.44 1 1
github.com/GoelandProver/Goeland/plugins/equality/equality_rules.go:353.10,353.10 0 0
github.com/GoelandProver/Goeland/plugins/equality/equality_rules.go:358.112,363.28 2 1
github.com/GoelandProver/Goeland/plugins/equality/equality_rules.go:363.28,366.26 2 1
github.com/GoelandProver/Goeland/plugins/equality/equality_rules.go:372.3,372.110 1 1
github.com/GoelandProver/Goeland/plugins/equality/equality_rules.go:366.26,368.4 1 1
github.com/GoelandProver/Goeland/plugins/equality/equality_rules.go:368.9,370.4 1 0
github.com/GoelandProver/Goeland/plugins/equality/equality_rules.go:373.8,376.3 1 1
github.com/GoelandProver/Goeland/plugins/equality/equality_rules.go:380.113,385.28 2 1
github.com/GoelandProver/Goeland/plugins/equality/equality_rules.go:385.28,387.26 1 1
github.com/GoelandProver/Goeland/plugins/equality/equality_rules.go:387.26,389.4 1 1
github.com/GoelandProver/Goeland/plugins/equality/equality_rules.go:389.9,391.4 1 0
github.com/GoelandProver/Goeland/plugins/equality/equality_rules.go:392.8,395.3 1 1
github.com/GoelandProver/Goeland/plugins/equality/equality_rules.go:407.120,413.84 3 1
github.com/GoelandProver/Goeland/plugins/equality/equality_rules.go:416.2,416.84 1 1
github.com/GoelandProver/Goeland/plugins/equality/equality_rules.go:419.2,419.94 1 1
github.com/GoelandProver/Goeland/plugins/equality/equality_rules.go:422.2,422.38 1 1
github.com/GoelandProver/Goeland/plugins/equality/equality_rules.go:413.84,415.3 1 1
github.com/GoelandProver/Goeland/plugins/equality/equality_rules.go:416.84,418.3 1 1
github.com/GoelandProver/Goeland/plugins/equality/equality_rules.go:419.94,421.3 1 0
github.com/GoelandProver/Goeland/plugins/equality/rule_struct.go:59.35,61.2 1 1
github.com/GoelandProver/Goeland/plugins/equality/rule_struct.go:62.44,64.2 1 1
github.com/GoelandProver/Goeland/plugins/equality/rule_struct.go:65.44,67.2 1 1
github.com/GoelandProver/Goeland/plugins/equality/rule_struct.go:68.49,70.2 1 1
github.com/GoelandProver/Goeland/plugins/equality/rule_struct.go:71.44,73.2 1 1
github.com/GoelandProver/Goeland/plugins/equality/rule_struct.go:74.44,76.2 1 1
github.com/GoelandProver/Goeland/plugins/equality/rule_struct.go:77.43,79.2 1 1
github.com/GoelandProver/Goeland/plugins/equality/rule_struct.go:80.42,82.2 1 1
github.com/GoelandProver/Goeland/plugins/equality/rule_struct.go:83.45,85.2 1 1
github.com/GoelandProver/Goeland/plugins/equality/rule_struct.go:86.44,88.2 1 1
github.com/GoelandProver/Goeland/plugins/equality/rule_struct.go:89.39,91.26 2 1
github.com/GoelandProver/Goeland/plugins/equality/rule_struct.go:94.2,94.328 1 1
github.com/GoelandProver/Goeland/plugins/equality/rule_struct.go:91.26,93.3 1 1
github.com/GoelandProver/Goeland/plugins/equality/rule_struct.go:96.79,98.2 1 1
github.com/GoelandProver/Goeland/plugins/equality/rule_struct.go:99.53,101.24 2 1
github.com/GoelandProver/Goeland/plugins/equality/rule_struct.go:107.2,107.12 1 1
github.com/GoelandProver/Goeland/plugins/equality/rule_struct.go:101.24,103.21 2 1
github.com/GoelandProver/Goeland/plugins/equality/rule_struct.go:103.21,105.4 1 1
github.com/GoelandProver/Goeland/plugins/equality/term_pair.go:50.44,52.2 1 1
github.com/GoelandProver/Goeland/plugins/equality/term_pair.go:53.44,55.2 1 1
github.com/GoelandProver/Goeland/plugins/equality/term_pair.go:56.36,58.2 1 1
github.com/GoelandProver/Goeland/plugins/equality/term_pair.go:59.46,61.2 1 1
github.com/GoelandProver/Goeland/plugins/equality/term_pair.go:62.52,66.2 1 1
github.com/GoelandProver/Goeland/plugins/equality/term_pair.go:67.38,69.2 1 1
github.com/GoelandProver/Goeland/plugins/equality/term_pair.go:70.52,72.2 1 1
github.com/GoelandProver/Goeland/plugins/equality/equality.go:53.90,60.2 4 0
github.com/GoelandProver/Goeland/plugins/equality/equality.go:68.131,71.16 3 1
github.com/GoelandProver/Goeland/plugins/equality/equality.go:71.16,73.3 1 1
github.com/GoelandProver/Goeland/plugins/equality/equality.go:73.8,75.3 1 0
github.com/GoelandProver/Goeland/plugins/equality/equality.go:78.35,80.2 1 0
github.com/GoelandProver/Goeland/plugins/equality/equality_problem.go:59.63,61.2 1 1
github.com/GoelandProver/Goeland/plugins/equality/equality_problem.go:62.66,64.29 2 1
github.com/GoelandProver/Goeland/plugins/equality/equality_problem.go:67.2,67.16 1 1
github.com/GoelandProver/Goeland/plugins/equality/equality_problem.go:64.29,66.3 1 1
github.com/GoelandProver/Goeland/plugins/equality/equality_problem.go:69.45,71.2 1 1
github.com/GoelandProver/Goeland/plugins/equality/equality_problem.go:72.50,74.2 1 1
github.com/GoelandProver/Goeland/plugins/equality/equality_problem.go:75.50,77.2 1 1
github.com/GoelandProver/Goeland/plugins/equality/equality_problem.go:78.49,80.2 1 1
github.com/GoelandProver/Goeland/plugins/equality/equality_problem.go:81.50,83.2 1 1
github.com/GoelandProver/Goeland/plugins/equality/equality_problem.go:84.71,86.2 1 0
github.com/GoelandProver/Goeland/plugins/equality/equality_problem.go:87.45,89.2 1 1
github.com/GoelandProver/Goeland/plugins/equality/equality_problem.go:91.88,96.24 4 1
github.com/GoelandProver/Goeland/plugins/equality/equality_problem.go:100.2,100.40 1 1
github.com/GoelandProver/Goeland/plugins/equality/equality_problem.go:106.2,106.85 1 1
github.com/GoelandProver/Goeland/plugins/equality/equality_problem.go:96.24,98.3 1 0
github.com/GoelandProver/Goeland/plugins/equality/equality_problem.go:100.40,104.3 3 1
github.com/GoelandProver/Goeland/plugins/equality/equality_problem.go:111.112,113.2 1 1
github.com/GoelandProver/Goeland/plugins/equality/equality_problem.go:115.75,117.23 2 1
github.com/GoelandProver/Goeland/plugins/equality/equality_problem.go:121.2,121.68 1 1
github.com/GoelandProver/Goeland/plugins/equality/equality_problem.go:117.23,120.3 2 1
github.com/GoelandProver/Goeland/plugins/equality/equality_problem.go:124.74,126.23 2 1
github.com/GoelandProver/Goeland/plugins/equality/equality_problem.go:130.2,130.16 1 1
github.com/GoelandProver/Goeland/plugins/equality/equality_problem.go:126.23,129.3 2 1
github.com/GoelandProver/Goeland/plugins/equality/equality_types.go:55.39,57.23 2 1
github.com/GoelandProver/Goeland/plugins/equality/equality_types.go:63.2,63.18 1 1
github.com/GoelandProver/Goeland/plugins/equality/equality_types.go:57.23,59.19 2 1
github.com/GoelandProver/Goeland/plugins/equality/equality_types.go:59.19,61.4 1 1
github.com/GoelandProver/Goeland/plugins/equality/equality_types.go:66.42,68.24 2 0
github.com/GoelandProver/Goeland/plugins/equality/equality_types.go:74.2,74.12 1 0
github.com/GoelandProver/Goeland/plugins/equality/equality_types.go:68.24,70.18 2 0
github.com/GoelandProver/Goeland/plugins/equality/equality_types.go:70.18,72.4 1 0
github.com/GoelandProver/Goeland/plugins/equality/equality_types.go:77.39,79.23 2 1
github.com/GoelandProver/Goeland/plugins/equality/equality_types.go:82.2,82.12 1 1
github.com/GoelandProver/Goeland/plugins/equality/equality_types.go:79.23,81.3 1 1
github.com/GoelandProver/Goeland/plugins/equality/equality_types.go:85.44,87.24 2 0
github.com/GoelandProver/Goeland/plugins/equality/equality_types.go:90.2,90.12 1 0
github.com/GoelandProver/Goeland/plugins/equality/equality_types.go:87.24,89.3 1 0
github.com/GoelandProver/Goeland/plugins/equality/equality_types.go:93.48,94.28 1 0
github.com/GoelandProver/Goeland/plugins/equality/equality_types.go:99.2,99.14 1 0
github.com/GoelandProver/Goeland/plugins/equality/equality_types.go:94.28,95.25 1 0
github.com/GoelandProver/Goeland/plugins/equality/equality_types.go:95.25,97.4 1 0
github.com/GoelandProver/Goeland/plugins/equality/equality_types.go:102.51,103.29 1 0
github.com/GoelandProver/Goeland/plugins/equality/equality_types.go:108.2,108.14 1 0
github.com/GoelandProver/Goeland/plugins/equality/equality_types.go:103.29,104.25 1 0
github.com/GoelandProver/Goeland/plugins/equality/equality_types.go:104.25,106.4 1 0
github.com/GoelandProver/Goeland/plugins/equality/equality_types.go:111.65,113.21 2 0
github.com/GoelandProver/Goeland/plugins/equality/equality_types.go:116.2,116.12 1 0
github.com/GoelandProver/Goeland/plugins/equality/equality_types.go:113.21,115.3 1 0
github.com/GoelandProver/Goeland/plugins/equality/equality_types.go:119.70,121.22 2 0
github.com/GoelandProver/Goeland/plugins/equality/equality_types.go:124.2,124.12 1 0
github.com/GoelandProver/Goeland/plugins/equality/equality_types.go:121.22,123.3 1 0
github.com/GoelandProver/Goeland/plugins/equality/equality_types.go:135.106,137.25 2 1
github.com/GoelandProver/Goeland/plugins/equality/equality_types.go:140.2,140.12 1 1
github.com/GoelandProver/Goeland/plugins/equality/equality_types.go:137.25,139.3 1 1
github.com/GoelandProver/Goeland/plugins/equality/equality_types.go:144.65,152.29 7 1
github.com/GoelandProver/Goeland/plugins/equality/equality_types.go:169.2,169.12 1 1
github.com/GoelandProver/Goeland/plugins/equality/equality_types.go:152.29,157.13 4 1
github.com/GoelandProver/Goeland/plugins/equality/equality_types.go:161.3,162.13 2 1
github.com/GoelandProver/Goeland/plugins/equality/equality_types.go:166.3,166.54 1 1
github.com/GoelandProver/Goeland/plugins/equality/equality_types.go:157.13,160.4 2 0
github.com/GoelandProver/Goeland/plugins/equality/equality_types.go:162.13,165.4 2 0
github.com/GoelandProver/Goeland/plugins/equality/equality_types.go:173.69,179.30 6 1
github.com/GoelandProver/Goeland/plugins/equality/equality_types.go:193.2,193.12 1 1
github.com/GoelandProver/Goeland/plugins/equality/equality_types.go:179.30,182.13 3 1
github.com/GoelandProver/Goeland/plugins/equality/equality_types.go:186.3,187.13 2 1
github.com/GoelandProver/Goeland/plugins/equality/equality_types.go:191.3,191.56 1 1
github.com/GoelandProver/Goeland/plugins/equality/equality_types.go:182.13,185.4 2 0
github.com/GoelandProver/Goeland/plugins/equality/equality_types.go:187.13,190.4 2 0
github.com/GoelandProver/Goeland/plugins/equality/equality_types.go:196.103,198.22 2 1
github.com/GoelandProver/Goeland/plugins/equality/equality_types.go:210.2,212.18 3 1
github.com/GoelandProver/Goeland/plugins/equality/equality_types.go:198.22,199.37 1 1
github.com/GoelandProver/Goeland/plugins/equality/equality_types.go:199.37,200.19 1 1
github.com/GoelandProver/Goeland/plugins/equality/equality_types.go:200.19,203.5 2 0
github.com/GoelandProver/Goeland/plugins/equality/equality_types.go:203.10,205.5 1 1
github.com/GoelandProver/Goeland/plugins/equality/equality_types.go:206.9,208.4 1 1
